<?xml version="1.0" encoding="UTF-8"?>
<!-- Generated by org.testng.reporters.JUnitReportReporter -->
<testsuite hostname="OM-SAI-RAM" failures="0" tests="2" name="req.WithoutSerDeserialization" time="3.789" errors="0" timestamp="2024-07-29T14:16:14 IST" skipped="0">
  <testcase classname="req.WithoutSerDeserialization" name="createNewRecord" time="2.532"/>
  <testcase classname="req.WithoutSerDeserialization" name="getRecord" time="1.257"/>
</testsuite> <!-- req.WithoutSerDeserialization -->
