<?xml version="1.0" encoding="UTF-8"?>
<!-- Generated by org.testng.reporters.JUnitReportReporter -->
<testsuite hostname="OM-SAI-RAM" failures="0" tests="1" name="req.Test_POST" time="2.537" errors="0" timestamp="2024-07-29T13:58:48 IST" skipped="0">
  <testcase classname="req.Test_POST" name="test_001" time="2.537"/>
</testsuite> <!-- req.Test_POST -->
