<?xml version="1.0" encoding="UTF-8"?>
<!-- Generated by org.testng.reporters.JUnitReportReporter -->
<testsuite hostname="OM-SAI-RAM" failures="0" tests="1" name="req.Test_Put" time="1.529" errors="0" timestamp="2024-07-26T00:07:54 IST" skipped="0">
  <testcase classname="req.Test_Put" name="test_1" time="1.529"/>
</testsuite> <!-- req.Test_Put -->
