<?xml version="1.0" encoding="UTF-8"?>
<!-- Generated by org.testng.reporters.JUnitReportReporter -->
<testsuite hostname="OM-SAI-RAM" failures="0" tests="1" name="req.Test_Patch" time="1.517" errors="0" timestamp="2024-07-26T00:10:00 IST" skipped="0">
  <testcase classname="req.Test_Patch" name="test0_patch" time="1.517"/>
</testsuite> <!-- req.Test_Patch -->
