<?xml version="1.0" encoding="UTF-8"?>
<!-- Generated by org.testng.reporters.JUnitReportReporter -->
<testsuite hostname="OM-SAI-RAM" failures="0" tests="1" name="req.Test_Get" time="2.220" errors="0" timestamp="2024-07-25T23:52:21 IST" skipped="0">
  <testcase classname="req.Test_Get" name="test_1" time="2.220"/>
</testsuite> <!-- req.Test_Get -->
