<?xml version="1.0" encoding="UTF-8"?>
<!-- Generated by org.testng.reporters.JUnitReportReporter -->
<testsuite hostname="OM-SAI-RAM" failures="0" tests="2" name="req.TC01_GET" time="1.299" errors="0" timestamp="2024-07-25T23:37:52 IST" skipped="0">
  <testcase classname="req.TC01_GET" name="test_02" time="0.101"/>
  <testcase classname="req.TC01_GET" name="test_01" time="1.198"/>
</testsuite> <!-- req.TC01_GET -->
