<?xml version="1.0" encoding="UTF-8"?>
<!-- Generated by org.testng.reporters.JUnitReportReporter -->
<testsuite hostname="OM-SAI-RAM" failures="0" tests="1" name="req.Demo_PostRequest" time="2.499" errors="0" timestamp="2024-07-29T14:04:25 IST" skipped="0">
  <testcase classname="req.Demo_PostRequest" name="testdata" time="2.499"/>
</testsuite> <!-- req.Demo_PostRequest -->
