<?xml version="1.0" encoding="UTF-8"?>
<!-- Generated by org.testng.reporters.JUnitReportReporter -->
<testsuite hostname="OM-SAI-RAM" failures="0" tests="1" name="req.Demo_getRequest" time="2.521" errors="0" timestamp="2024-07-26T22:55:31 IST" skipped="0">
  <testcase classname="req.Demo_getRequest" name="getWeatherDetails" time="2.521"/>
</testsuite> <!-- req.Demo_getRequest -->
